<?xml version="1.0" encoding="UTF-8"?>
<testng-results skipped="0" failed="0" total="3" passed="3">
  <reporter-output>
  </reporter-output>
  <suite name="testsuite" duration-ms="19565" started-at="2020-08-20T07:48:16Z" finished-at="2020-08-20T07:48:36Z">
    <groups>
    </groups>
    <test name="mytest" duration-ms="19565" started-at="2020-08-20T07:48:16Z" finished-at="2020-08-20T07:48:36Z">
      <class name="com.githubcodepush.Test3">
        <test-method status="PASS" signature="beforeMethod()[pri:0, instance:com.githubcodepush.Test3@a9e816]" name="beforeMethod" is-config="true" duration-ms="5619" started-at="2020-08-20T13:18:16Z" finished-at="2020-08-20T13:18:22Z">
          <reporter-output>
          </reporter-output>
        </test-method> <!-- beforeMethod -->
        <test-method status="PASS" signature="test3()[pri:0, instance:com.githubcodepush.Test3@a9e816]" name="test3" duration-ms="13727" started-at="2020-08-20T13:18:22Z" finished-at="2020-08-20T13:18:36Z">
          <reporter-output>
          </reporter-output>
        </test-method> <!-- test3 -->
        <test-method status="PASS" signature="afterMethod()[pri:0, instance:com.githubcodepush.Test3@a9e816]" name="afterMethod" is-config="true" duration-ms="175" started-at="2020-08-20T13:18:36Z" finished-at="2020-08-20T13:18:36Z">
          <reporter-output>
          </reporter-output>
        </test-method> <!-- afterMethod -->
      </class> <!-- com.githubcodepush.Test3 -->
      <class name="com.githubcodepush.Test2">
        <test-method status="PASS" signature="beforeMethod()[pri:0, instance:com.githubcodepush.Test2@33ce2c]" name="beforeMethod" is-config="true" duration-ms="1" started-at="2020-08-20T13:18:16Z" finished-at="2020-08-20T13:18:16Z">
          <reporter-output>
          </reporter-output>
        </test-method> <!-- beforeMethod -->
        <test-method status="PASS" signature="f()[pri:0, instance:com.githubcodepush.Test2@33ce2c]" name="f" duration-ms="1" started-at="2020-08-20T13:18:16Z" finished-at="2020-08-20T13:18:16Z">
          <reporter-output>
          </reporter-output>
        </test-method> <!-- f -->
        <test-method status="PASS" signature="afterMethod()[pri:0, instance:com.githubcodepush.Test2@33ce2c]" name="afterMethod" is-config="true" duration-ms="0" started-at="2020-08-20T13:18:16Z" finished-at="2020-08-20T13:18:16Z">
          <reporter-output>
          </reporter-output>
        </test-method> <!-- afterMethod -->
      </class> <!-- com.githubcodepush.Test2 -->
      <class name="com.githubcodepush.Test1">
        <test-method status="PASS" signature="beforeMethod()[pri:0, instance:com.githubcodepush.Test1@d5c04e]" name="beforeMethod" is-config="true" duration-ms="8" started-at="2020-08-20T13:18:16Z" finished-at="2020-08-20T13:18:16Z">
          <reporter-output>
          </reporter-output>
        </test-method> <!-- beforeMethod -->
        <test-method status="PASS" signature="f()[pri:0, instance:com.githubcodepush.Test1@d5c04e]" name="f" duration-ms="8" started-at="2020-08-20T13:18:16Z" finished-at="2020-08-20T13:18:16Z">
          <reporter-output>
          </reporter-output>
        </test-method> <!-- f -->
        <test-method status="PASS" signature="afterMethod()[pri:0, instance:com.githubcodepush.Test1@d5c04e]" name="afterMethod" is-config="true" duration-ms="0" started-at="2020-08-20T13:18:16Z" finished-at="2020-08-20T13:18:16Z">
          <reporter-output>
          </reporter-output>
        </test-method> <!-- afterMethod -->
      </class> <!-- com.githubcodepush.Test1 -->
    </test> <!-- mytest -->
  </suite> <!-- testsuite -->
</testng-results>
